Analysis & Synthesis report for Yongru_Pan_VHDL6
Fri Apr 08 15:39:56 2022
Quartus Prime Version 18.0.0 Build 614 04/24/2018 SJ Lite Edition


---------------------
; Table of Contents ;
---------------------
  1. Legal Notice
  2. Analysis & Synthesis Summary
  3. Analysis & Synthesis Settings
  4. Parallel Compilation
  5. Analysis & Synthesis Source Files Read
  6. Analysis & Synthesis Resource Usage Summary
  7. Analysis & Synthesis Resource Utilization by Entity
  8. State Machine - |Yongru_Pan_wrapper|Yongru_Pan_sequence_detector:stage2|Chenyi_Xu_FSM:stage0|current_state2
  9. State Machine - |Yongru_Pan_wrapper|Yongru_Pan_sequence_detector:stage2|Chenyi_Xu_FSM:stage0|current_state
 10. Registers Removed During Synthesis
 11. General Register Statistics
 12. Inverted Register Statistics
 13. Multiplexer Restructuring Statistics (Restructuring Performed)
 14. Port Connectivity Checks: "seven_segment_decoder:stage4"
 15. Port Connectivity Checks: "seven_segment_decoder:stage3"
 16. Port Connectivity Checks: "Yongru_Pan_sequence_detector:stage2"
 17. Port Connectivity Checks: "Yongru_Pan_clock_divider:stage0"
 18. Post-Synthesis Netlist Statistics for Top Partition
 19. Elapsed Time Per Partition
 20. Analysis & Synthesis Messages



----------------
; Legal Notice ;
----------------
Copyright (C) 2018  Intel Corporation. All rights reserved.
Your use of Intel Corporation's design tools, logic functions 
and other software and tools, and its AMPP partner logic 
functions, and any output files from any of the foregoing 
(including device programming or simulation files), and any 
associated documentation or information are expressly subject 
to the terms and conditions of the Intel Program License 
Subscription Agreement, the Intel Quartus Prime License Agreement,
the Intel FPGA IP License Agreement, or other applicable license
agreement, including, without limitation, that your use is for
the sole purpose of programming logic devices manufactured by
Intel and sold by Intel or its authorized distributors.  Please
refer to the applicable agreement for further details.



+-------------------------------------------------------------------------------+
; Analysis & Synthesis Summary                                                  ;
+---------------------------------+---------------------------------------------+
; Analysis & Synthesis Status     ; Successful - Fri Apr 08 15:39:56 2022       ;
; Quartus Prime Version           ; 18.0.0 Build 614 04/24/2018 SJ Lite Edition ;
; Revision Name                   ; Yongru_Pan_VHDL6                            ;
; Top-level Entity Name           ; Yongru_Pan_wrapper                          ;
; Family                          ; Cyclone V                                   ;
; Logic utilization (in ALMs)     ; N/A                                         ;
; Total registers                 ; 32                                          ;
; Total pins                      ; 16                                          ;
; Total virtual pins              ; 0                                           ;
; Total block memory bits         ; 0                                           ;
; Total DSP Blocks                ; 0                                           ;
; Total HSSI RX PCSs              ; 0                                           ;
; Total HSSI PMA RX Deserializers ; 0                                           ;
; Total HSSI TX PCSs              ; 0                                           ;
; Total HSSI PMA TX Serializers   ; 0                                           ;
; Total PLLs                      ; 0                                           ;
; Total DLLs                      ; 0                                           ;
+---------------------------------+---------------------------------------------+


+---------------------------------------------------------------------------------------------------------------------------+
; Analysis & Synthesis Settings                                                                                             ;
+---------------------------------------------------------------------------------+--------------------+--------------------+
; Option                                                                          ; Setting            ; Default Value      ;
+---------------------------------------------------------------------------------+--------------------+--------------------+
; Device                                                                          ; 5CSEMA5F31C6       ;                    ;
; Top-level entity name                                                           ; Yongru_Pan_wrapper ; Yongru_Pan_VHDL6   ;
; Family name                                                                     ; Cyclone V          ; Cyclone V          ;
; Use smart compilation                                                           ; Off                ; Off                ;
; Maximum processors allowed for parallel compilation                             ; All                ; All                ;
; Enable parallel Assembler and Timing Analyzer during compilation                ; On                 ; On                 ;
; Enable compact report table                                                     ; Off                ; Off                ;
; Restructure Multiplexers                                                        ; Auto               ; Auto               ;
; MLAB Add Timing Constraints For Mixed-Port Feed-Through Mode Setting Don't Care ; Off                ; Off                ;
; Create Debugging Nodes for IP Cores                                             ; Off                ; Off                ;
; Preserve fewer node names                                                       ; On                 ; On                 ;
; Intel FPGA IP Evaluation Mode                                                   ; Enable             ; Enable             ;
; Verilog Version                                                                 ; Verilog_2001       ; Verilog_2001       ;
; VHDL Version                                                                    ; VHDL_1993          ; VHDL_1993          ;
; State Machine Processing                                                        ; Auto               ; Auto               ;
; Safe State Machine                                                              ; Off                ; Off                ;
; Extract Verilog State Machines                                                  ; On                 ; On                 ;
; Extract VHDL State Machines                                                     ; On                 ; On                 ;
; Ignore Verilog initial constructs                                               ; Off                ; Off                ;
; Iteration limit for constant Verilog loops                                      ; 5000               ; 5000               ;
; Iteration limit for non-constant Verilog loops                                  ; 250                ; 250                ;
; Add Pass-Through Logic to Inferred RAMs                                         ; On                 ; On                 ;
; Infer RAMs from Raw Logic                                                       ; On                 ; On                 ;
; Parallel Synthesis                                                              ; On                 ; On                 ;
; DSP Block Balancing                                                             ; Auto               ; Auto               ;
; NOT Gate Push-Back                                                              ; On                 ; On                 ;
; Power-Up Don't Care                                                             ; On                 ; On                 ;
; Remove Redundant Logic Cells                                                    ; Off                ; Off                ;
; Remove Duplicate Registers                                                      ; On                 ; On                 ;
; Ignore CARRY Buffers                                                            ; Off                ; Off                ;
; Ignore CASCADE Buffers                                                          ; Off                ; Off                ;
; Ignore GLOBAL Buffers                                                           ; Off                ; Off                ;
; Ignore ROW GLOBAL Buffers                                                       ; Off                ; Off                ;
; Ignore LCELL Buffers                                                            ; Off                ; Off                ;
; Ignore SOFT Buffers                                                             ; On                 ; On                 ;
; Limit AHDL Integers to 32 Bits                                                  ; Off                ; Off                ;
; Optimization Technique                                                          ; Balanced           ; Balanced           ;
; Carry Chain Length                                                              ; 70                 ; 70                 ;
; Auto Carry Chains                                                               ; On                 ; On                 ;
; Auto Open-Drain Pins                                                            ; On                 ; On                 ;
; Perform WYSIWYG Primitive Resynthesis                                           ; Off                ; Off                ;
; Auto ROM Replacement                                                            ; On                 ; On                 ;
; Auto RAM Replacement                                                            ; On                 ; On                 ;
; Auto DSP Block Replacement                                                      ; On                 ; On                 ;
; Auto Shift Register Replacement                                                 ; Auto               ; Auto               ;
; Allow Shift Register Merging across Hierarchies                                 ; Auto               ; Auto               ;
; Auto Clock Enable Replacement                                                   ; On                 ; On                 ;
; Strict RAM Replacement                                                          ; Off                ; Off                ;
; Allow Synchronous Control Signals                                               ; On                 ; On                 ;
; Force Use of Synchronous Clear Signals                                          ; Off                ; Off                ;
; Auto Resource Sharing                                                           ; Off                ; Off                ;
; Allow Any RAM Size For Recognition                                              ; Off                ; Off                ;
; Allow Any ROM Size For Recognition                                              ; Off                ; Off                ;
; Allow Any Shift Register Size For Recognition                                   ; Off                ; Off                ;
; Use LogicLock Constraints during Resource Balancing                             ; On                 ; On                 ;
; Ignore translate_off and synthesis_off directives                               ; Off                ; Off                ;
; Timing-Driven Synthesis                                                         ; On                 ; On                 ;
; Report Parameter Settings                                                       ; On                 ; On                 ;
; Report Source Assignments                                                       ; On                 ; On                 ;
; Report Connectivity Checks                                                      ; On                 ; On                 ;
; Ignore Maximum Fan-Out Assignments                                              ; Off                ; Off                ;
; Synchronization Register Chain Length                                           ; 3                  ; 3                  ;
; Power Optimization During Synthesis                                             ; Normal compilation ; Normal compilation ;
; HDL message level                                                               ; Level2             ; Level2             ;
; Suppress Register Optimization Related Messages                                 ; Off                ; Off                ;
; Number of Removed Registers Reported in Synthesis Report                        ; 5000               ; 5000               ;
; Number of Swept Nodes Reported in Synthesis Report                              ; 5000               ; 5000               ;
; Number of Inverted Registers Reported in Synthesis Report                       ; 100                ; 100                ;
; Clock MUX Protection                                                            ; On                 ; On                 ;
; Auto Gated Clock Conversion                                                     ; Off                ; Off                ;
; Block Design Naming                                                             ; Auto               ; Auto               ;
; SDC constraint protection                                                       ; Off                ; Off                ;
; Synthesis Effort                                                                ; Auto               ; Auto               ;
; Shift Register Replacement - Allow Asynchronous Clear Signal                    ; On                 ; On                 ;
; Pre-Mapping Resynthesis Optimization                                            ; Off                ; Off                ;
; Analysis & Synthesis Message Level                                              ; Medium             ; Medium             ;
; Disable Register Merging Across Hierarchies                                     ; Auto               ; Auto               ;
; Resource Aware Inference For Block RAM                                          ; On                 ; On                 ;
; Automatic Parallel Synthesis                                                    ; On                 ; On                 ;
; Partial Reconfiguration Bitstream ID                                            ; Off                ; Off                ;
+---------------------------------------------------------------------------------+--------------------+--------------------+


+------------------------------------------+
; Parallel Compilation                     ;
+----------------------------+-------------+
; Processors                 ; Number      ;
+----------------------------+-------------+
; Number detected on machine ; 16          ;
; Maximum allowed            ; 8           ;
;                            ;             ;
; Average used               ; 1.00        ;
; Maximum used               ; 8           ;
;                            ;             ;
; Usage by Processor         ; % Time Used ;
;     Processor 1            ; 100.0%      ;
;     Processors 2-8         ;   0.0%      ;
+----------------------------+-------------+


+---------------------------------------------------------------------------------------------------------------------------------------------------------------------------+
; Analysis & Synthesis Source Files Read                                                                                                                                    ;
+--------------------------------------------------+-----------------+-----------------+--------------------------------------------------------------------------+---------+
; File Name with User-Entered Path                 ; Used in Netlist ; File Type       ; File Name with Absolute Path                                             ; Library ;
+--------------------------------------------------+-----------------+-----------------+--------------------------------------------------------------------------+---------+
; ../Yongru_Pan_VHDL5/Yongru_Pan_clock_divider.vhd ; yes             ; User VHDL File  ; C:/intelFPGA_lite/18.0/Yongru_Pan_VHDL5/Yongru_Pan_clock_divider.vhd     ;         ;
; ../Yongru_Pan_VHDL4/seven_segment_decoder.vhd    ; yes             ; User VHDL File  ; C:/intelFPGA_lite/18.0/Yongru_Pan_VHDL4/seven_segment_decoder.vhd        ;         ;
; ROM.vhd                                          ; yes             ; User VHDL File  ; C:/intelFPGA_lite/18.0/Yongru_Pan_VHDL6/ROM.vhd                          ;         ;
; ../Yongru_Pan_VHDL5/Yongru_Pan_counter.vhd       ; yes             ; User VHDL File  ; C:/intelFPGA_lite/18.0/Yongru_Pan_VHDL5/Yongru_Pan_counter.vhd           ;         ;
; Yongru_Pan_sequence_detector.vhd                 ; yes             ; User VHDL File  ; C:/intelFPGA_lite/18.0/Yongru_Pan_VHDL6/Yongru_Pan_sequence_detector.vhd ;         ;
; Yongru_Pan_wrapper.vhd                           ; yes             ; User VHDL File  ; C:/intelFPGA_lite/18.0/Yongru_Pan_VHDL6/Yongru_Pan_wrapper.vhd           ;         ;
; Chenyi_Xu_FSM.vhd                                ; yes             ; User VHDL File  ; C:/intelFPGA_lite/18.0/Yongru_Pan_VHDL6/Chenyi_Xu_FSM.vhd                ;         ;
+--------------------------------------------------+-----------------+-----------------+--------------------------------------------------------------------------+---------+


+--------------------------------------------------------------------------------------+
; Analysis & Synthesis Resource Usage Summary                                          ;
+---------------------------------------------+----------------------------------------+
; Resource                                    ; Usage                                  ;
+---------------------------------------------+----------------------------------------+
; Estimate of Logic utilization (ALMs needed) ; 26                                     ;
;                                             ;                                        ;
; Combinational ALUT usage for logic          ; 45                                     ;
;     -- 7 input functions                    ; 0                                      ;
;     -- 6 input functions                    ; 5                                      ;
;     -- 5 input functions                    ; 2                                      ;
;     -- 4 input functions                    ; 5                                      ;
;     -- <=3 input functions                  ; 33                                     ;
;                                             ;                                        ;
; Dedicated logic registers                   ; 32                                     ;
;                                             ;                                        ;
; I/O pins                                    ; 16                                     ;
;                                             ;                                        ;
; Total DSP Blocks                            ; 0                                      ;
;                                             ;                                        ;
; Maximum fan-out node                        ; Yongru_Pan_clock_divider:stage0|en_out ;
; Maximum fan-out                             ; 28                                     ;
; Total fan-out                               ; 258                                    ;
; Average fan-out                             ; 2.37                                   ;
+---------------------------------------------+----------------------------------------+


+-------------------------------------------------------------------------------------------------------------------------------------------------------------------------------------------------------------------------------------------------------------------------------------+
; Analysis & Synthesis Resource Utilization by Entity                                                                                                                                                                                                                                 ;
+------------------------------------------+---------------------+---------------------------+-------------------+------------+------+--------------+-----------------------------------------------------------------------------------+------------------------------+--------------+
; Compilation Hierarchy Node               ; Combinational ALUTs ; Dedicated Logic Registers ; Block Memory Bits ; DSP Blocks ; Pins ; Virtual Pins ; Full Hierarchy Name                                                               ; Entity Name                  ; Library Name ;
+------------------------------------------+---------------------+---------------------------+-------------------+------------+------+--------------+-----------------------------------------------------------------------------------+------------------------------+--------------+
; |Yongru_Pan_wrapper                      ; 45 (0)              ; 32 (0)                    ; 0                 ; 0          ; 16   ; 0            ; |Yongru_Pan_wrapper                                                               ; Yongru_Pan_wrapper           ; work         ;
;    |ROM:stage1|                          ; 13 (13)             ; 8 (8)                     ; 0                 ; 0          ; 0    ; 0            ; |Yongru_Pan_wrapper|ROM:stage1                                                    ; ROM                          ; work         ;
;    |Yongru_Pan_clock_divider:stage0|     ; 4 (4)               ; 4 (4)                     ; 0                 ; 0          ; 0    ; 0            ; |Yongru_Pan_wrapper|Yongru_Pan_clock_divider:stage0                               ; Yongru_Pan_clock_divider     ; work         ;
;    |Yongru_Pan_sequence_detector:stage2| ; 14 (0)              ; 20 (0)                    ; 0                 ; 0          ; 0    ; 0            ; |Yongru_Pan_wrapper|Yongru_Pan_sequence_detector:stage2                           ; Yongru_Pan_sequence_detector ; work         ;
;       |Chenyi_Xu_FSM:stage0|             ; 8 (8)               ; 8 (8)                     ; 0                 ; 0          ; 0    ; 0            ; |Yongru_Pan_wrapper|Yongru_Pan_sequence_detector:stage2|Chenyi_Xu_FSM:stage0      ; Chenyi_Xu_FSM                ; work         ;
;       |Yongru_Pan_counter:stage1|        ; 3 (3)               ; 6 (6)                     ; 0                 ; 0          ; 0    ; 0            ; |Yongru_Pan_wrapper|Yongru_Pan_sequence_detector:stage2|Yongru_Pan_counter:stage1 ; Yongru_Pan_counter           ; work         ;
;       |Yongru_Pan_counter:stage2|        ; 3 (3)               ; 6 (6)                     ; 0                 ; 0          ; 0    ; 0            ; |Yongru_Pan_wrapper|Yongru_Pan_sequence_detector:stage2|Yongru_Pan_counter:stage2 ; Yongru_Pan_counter           ; work         ;
;    |seven_segment_decoder:stage3|        ; 7 (7)               ; 0 (0)                     ; 0                 ; 0          ; 0    ; 0            ; |Yongru_Pan_wrapper|seven_segment_decoder:stage3                                  ; seven_segment_decoder        ; work         ;
;    |seven_segment_decoder:stage4|        ; 7 (7)               ; 0 (0)                     ; 0                 ; 0          ; 0    ; 0            ; |Yongru_Pan_wrapper|seven_segment_decoder:stage4                                  ; seven_segment_decoder        ; work         ;
+------------------------------------------+---------------------+---------------------------+-------------------+------------+------+--------------+-----------------------------------------------------------------------------------+------------------------------+--------------+
Note: For table entries with two numbers listed, the numbers in parentheses indicate the number of resources of the given type used by the specific entity alone. The numbers listed outside of parentheses indicate the total resources of the given type used by the specific entity and all of its sub-entities in the hierarchy.


Encoding Type:  One-Hot
+---------------------------------------------------------------------------------------------------------------------------------------------------------------------+
; State Machine - |Yongru_Pan_wrapper|Yongru_Pan_sequence_detector:stage2|Chenyi_Xu_FSM:stage0|current_state2                                                         ;
+--------------------------------+--------------------------------+----------------------------+-------------------------+---------------------+----------------------+
; Name                           ; current_state2.ZeroZeroOneZero ; current_state2.ZeroZeroOne ; current_state2.ZeroZero ; current_state2.One2 ; current_state2.Zero2 ;
+--------------------------------+--------------------------------+----------------------------+-------------------------+---------------------+----------------------+
; current_state2.Zero2           ; 0                              ; 0                          ; 0                       ; 0                   ; 0                    ;
; current_state2.One2            ; 0                              ; 0                          ; 0                       ; 1                   ; 1                    ;
; current_state2.ZeroZero        ; 0                              ; 0                          ; 1                       ; 0                   ; 1                    ;
; current_state2.ZeroZeroOne     ; 0                              ; 1                          ; 0                       ; 0                   ; 1                    ;
; current_state2.ZeroZeroOneZero ; 1                              ; 0                          ; 0                       ; 0                   ; 1                    ;
+--------------------------------+--------------------------------+----------------------------+-------------------------+---------------------+----------------------+


Encoding Type:  One-Hot
+-------------------------------------------------------------------------------------------------------------------------------------------------------+
; State Machine - |Yongru_Pan_wrapper|Yongru_Pan_sequence_detector:stage2|Chenyi_Xu_FSM:stage0|current_state                                            ;
+-----------------------------+-----------------------------+--------------------------+-----------------------+-------------------+--------------------+
; Name                        ; current_state.OneZeroOneOne ; current_state.OneZeroOne ; current_state.OneZero ; current_state.One ; current_state.Zero ;
+-----------------------------+-----------------------------+--------------------------+-----------------------+-------------------+--------------------+
; current_state.Zero          ; 0                           ; 0                        ; 0                     ; 0                 ; 0                  ;
; current_state.One           ; 0                           ; 0                        ; 0                     ; 1                 ; 1                  ;
; current_state.OneZero       ; 0                           ; 0                        ; 1                     ; 0                 ; 1                  ;
; current_state.OneZeroOne    ; 0                           ; 1                        ; 0                     ; 0                 ; 1                  ;
; current_state.OneZeroOneOne ; 1                           ; 0                        ; 0                     ; 0                 ; 1                  ;
+-----------------------------+-----------------------------+--------------------------+-----------------------+-------------------+--------------------+


+----------------------------------------------------------------------------------------------------+
; Registers Removed During Synthesis                                                                 ;
+-------------------------------------------------------------------------------+--------------------+
; Register name                                                                 ; Reason for Removal ;
+-------------------------------------------------------------------------------+--------------------+
; Yongru_Pan_sequence_detector:stage2|Chenyi_Xu_FSM:stage0|current_state2.Zero2 ; Lost fanout        ;
; Yongru_Pan_sequence_detector:stage2|Chenyi_Xu_FSM:stage0|current_state.Zero   ; Lost fanout        ;
; Total Number of Removed Registers = 2                                         ;                    ;
+-------------------------------------------------------------------------------+--------------------+


+------------------------------------------------------+
; General Register Statistics                          ;
+----------------------------------------------+-------+
; Statistic                                    ; Value ;
+----------------------------------------------+-------+
; Total registers                              ; 32    ;
; Number of registers using Synchronous Clear  ; 4     ;
; Number of registers using Synchronous Load   ; 0     ;
; Number of registers using Asynchronous Clear ; 16    ;
; Number of registers using Asynchronous Load  ; 0     ;
; Number of registers using Clock Enable       ; 0     ;
; Number of registers using Preset             ; 0     ;
+----------------------------------------------+-------+


+--------------------------------------------------+
; Inverted Register Statistics                     ;
+----------------------------------------+---------+
; Inverted Register                      ; Fan out ;
+----------------------------------------+---------+
; Yongru_Pan_clock_divider:stage0|tmp[0] ; 4       ;
; Yongru_Pan_clock_divider:stage0|tmp[1] ; 3       ;
; Yongru_Pan_clock_divider:stage0|tmp[2] ; 2       ;
; Total number of inverted registers = 3 ;         ;
+----------------------------------------+---------+


+--------------------------------------------------------------------------------------------------------------------------------------------------------------------------------------------------------+
; Multiplexer Restructuring Statistics (Restructuring Performed)                                                                                                                                         ;
+--------------------+-----------+---------------+----------------------+------------------------+------------+------------------------------------------------------------------------------------------+
; Multiplexer Inputs ; Bus Width ; Baseline Area ; Area if Restructured ; Saving if Restructured ; Registered ; Example Multiplexer Output                                                               ;
+--------------------+-----------+---------------+----------------------+------------------------+------------+------------------------------------------------------------------------------------------+
; 4:1                ; 3 bits    ; 6 LEs         ; 6 LEs                ; 0 LEs                  ; Yes        ; |Yongru_Pan_wrapper|Yongru_Pan_sequence_detector:stage2|Yongru_Pan_counter:stage2|tmp[0] ;
; 4:1                ; 3 bits    ; 6 LEs         ; 6 LEs                ; 0 LEs                  ; Yes        ; |Yongru_Pan_wrapper|Yongru_Pan_sequence_detector:stage2|Yongru_Pan_counter:stage1|tmp[0] ;
; 3:1                ; 3 bits    ; 6 LEs         ; 6 LEs                ; 0 LEs                  ; Yes        ; |Yongru_Pan_wrapper|Yongru_Pan_clock_divider:stage0|tmp[0]                               ;
+--------------------+-----------+---------------+----------------------+------------------------+------------+------------------------------------------------------------------------------------------+


+----------------------------------------------------------+
; Port Connectivity Checks: "seven_segment_decoder:stage4" ;
+---------+-------+----------+-----------------------------+
; Port    ; Type  ; Severity ; Details                     ;
+---------+-------+----------+-----------------------------+
; code[3] ; Input ; Info     ; Stuck at GND                ;
+---------+-------+----------+-----------------------------+


+----------------------------------------------------------+
; Port Connectivity Checks: "seven_segment_decoder:stage3" ;
+---------+-------+----------+-----------------------------+
; Port    ; Type  ; Severity ; Details                     ;
+---------+-------+----------+-----------------------------+
; code[3] ; Input ; Info     ; Stuck at GND                ;
+---------+-------+----------+-----------------------------+


+-----------------------------------------------------------------+
; Port Connectivity Checks: "Yongru_Pan_sequence_detector:stage2" ;
+--------+-------+----------+-------------------------------------+
; Port   ; Type  ; Severity ; Details                             ;
+--------+-------+----------+-------------------------------------+
; enable ; Input ; Info     ; Stuck at VCC                        ;
+--------+-------+----------+-------------------------------------+


+-------------------------------------------------------------+
; Port Connectivity Checks: "Yongru_Pan_clock_divider:stage0" ;
+--------+-------+----------+---------------------------------+
; Port   ; Type  ; Severity ; Details                         ;
+--------+-------+----------+---------------------------------+
; enable ; Input ; Info     ; Stuck at VCC                    ;
+--------+-------+----------+---------------------------------+


+-----------------------------------------------------+
; Post-Synthesis Netlist Statistics for Top Partition ;
+-----------------------+-----------------------------+
; Type                  ; Count                       ;
+-----------------------+-----------------------------+
; arriav_ff             ; 32                          ;
;     CLR               ; 16                          ;
;     SCLR              ; 4                           ;
;     plain             ; 12                          ;
; arriav_lcell_comb     ; 45                          ;
;     arith             ; 7                           ;
;         1 data inputs ; 6                           ;
;         2 data inputs ; 1                           ;
;     normal            ; 38                          ;
;         1 data inputs ; 1                           ;
;         2 data inputs ; 6                           ;
;         3 data inputs ; 19                          ;
;         4 data inputs ; 5                           ;
;         5 data inputs ; 2                           ;
;         6 data inputs ; 5                           ;
; boundary_port         ; 16                          ;
;                       ;                             ;
; Max LUT depth         ; 3.00                        ;
; Average LUT depth     ; 1.51                        ;
+-----------------------+-----------------------------+


+-------------------------------+
; Elapsed Time Per Partition    ;
+----------------+--------------+
; Partition Name ; Elapsed Time ;
+----------------+--------------+
; Top            ; 00:00:00     ;
+----------------+--------------+


+-------------------------------+
; Analysis & Synthesis Messages ;
+-------------------------------+
Info: *******************************************************************
Info: Running Quartus Prime Analysis & Synthesis
    Info: Version 18.0.0 Build 614 04/24/2018 SJ Lite Edition
    Info: Processing started: Fri Apr 08 15:39:47 2022
Info: Command: quartus_map --read_settings_files=on --write_settings_files=off Yongru_Pan_VHDL6 -c Yongru_Pan_VHDL6
Info (20030): Parallel compilation is enabled and will use 8 of the 8 processors detected
Info (12021): Found 2 design units, including 1 entities, in source file /intelfpga_lite/18.0/yongru_pan_vhdl4/chenyi_xu_wrapper.vhd
    Info (12022): Found design unit 1: chenyi_xu_wrapper-wrapper_arch File: C:/intelFPGA_lite/18.0/Yongru_Pan_VHDL4/chenyi_xu_wrapper.vhd Line: 15
    Info (12023): Found entity 1: chenyi_xu_wrapper File: C:/intelFPGA_lite/18.0/Yongru_Pan_VHDL4/chenyi_xu_wrapper.vhd Line: 6
Info (12021): Found 2 design units, including 1 entities, in source file /intelfpga_lite/18.0/yongru_pan_vhdl5/yongru_pan_clock_divider.vhd
    Info (12022): Found design unit 1: Yongru_Pan_clock_divider-Clock_div_Behav File: C:/intelFPGA_lite/18.0/Yongru_Pan_VHDL5/Yongru_Pan_clock_divider.vhd Line: 14
    Info (12023): Found entity 1: Yongru_Pan_clock_divider File: C:/intelFPGA_lite/18.0/Yongru_Pan_VHDL5/Yongru_Pan_clock_divider.vhd Line: 6
Info (12021): Found 2 design units, including 1 entities, in source file /intelfpga_lite/18.0/yongru_pan_vhdl4/seven_segment_decoder.vhd
    Info (12022): Found design unit 1: seven_segment_decoder-decoder File: C:/intelFPGA_lite/18.0/Yongru_Pan_VHDL4/seven_segment_decoder.vhd Line: 8
    Info (12023): Found entity 1: seven_segment_decoder File: C:/intelFPGA_lite/18.0/Yongru_Pan_VHDL4/seven_segment_decoder.vhd Line: 4
Info (12021): Found 2 design units, including 1 entities, in source file rom.vhd
    Info (12022): Found design unit 1: ROM-arch File: C:/intelFPGA_lite/18.0/Yongru_Pan_VHDL6/ROM.vhd Line: 13
    Info (12023): Found entity 1: ROM File: C:/intelFPGA_lite/18.0/Yongru_Pan_VHDL6/ROM.vhd Line: 5
Info (12021): Found 2 design units, including 1 entities, in source file /intelfpga_lite/18.0/yongru_pan_vhdl5/yongru_pan_counter.vhd
    Info (12022): Found design unit 1: Yongru_Pan_counter-Counter_Behav File: C:/intelFPGA_lite/18.0/Yongru_Pan_VHDL5/Yongru_Pan_counter.vhd Line: 13
    Info (12023): Found entity 1: Yongru_Pan_counter File: C:/intelFPGA_lite/18.0/Yongru_Pan_VHDL5/Yongru_Pan_counter.vhd Line: 6
Info (12021): Found 2 design units, including 1 entities, in source file yongru_pan_sequence_detector.vhd
    Info (12022): Found design unit 1: Yongru_Pan_sequence_detector-sd_behavioral File: C:/intelFPGA_lite/18.0/Yongru_Pan_VHDL6/Yongru_Pan_sequence_detector.vhd Line: 13
    Info (12023): Found entity 1: Yongru_Pan_sequence_detector File: C:/intelFPGA_lite/18.0/Yongru_Pan_VHDL6/Yongru_Pan_sequence_detector.vhd Line: 4
Info (12021): Found 2 design units, including 1 entities, in source file yongru_pan_wrapper.vhd
    Info (12022): Found design unit 1: Yongru_Pan_wrapper-wrapper_behavioral File: C:/intelFPGA_lite/18.0/Yongru_Pan_VHDL6/Yongru_Pan_wrapper.vhd Line: 12
    Info (12023): Found entity 1: Yongru_Pan_wrapper File: C:/intelFPGA_lite/18.0/Yongru_Pan_VHDL6/Yongru_Pan_wrapper.vhd Line: 4
Info (12021): Found 2 design units, including 1 entities, in source file chenyi_xu_fsm.vhd
    Info (12022): Found design unit 1: Chenyi_Xu_FSM-Behavioral File: C:/intelFPGA_lite/18.0/Yongru_Pan_VHDL6/Chenyi_Xu_FSM.vhd Line: 17
    Info (12023): Found entity 1: Chenyi_Xu_FSM File: C:/intelFPGA_lite/18.0/Yongru_Pan_VHDL6/Chenyi_Xu_FSM.vhd Line: 10
Info (12127): Elaborating entity "Yongru_Pan_wrapper" for the top level hierarchy
Info (12128): Elaborating entity "Yongru_Pan_clock_divider" for hierarchy "Yongru_Pan_clock_divider:stage0" File: C:/intelFPGA_lite/18.0/Yongru_Pan_VHDL6/Yongru_Pan_wrapper.vhd Line: 48
Info (12128): Elaborating entity "ROM" for hierarchy "ROM:stage1" File: C:/intelFPGA_lite/18.0/Yongru_Pan_VHDL6/Yongru_Pan_wrapper.vhd Line: 49
Warning (10540): VHDL Signal Declaration warning at ROM.vhd(18): used explicit default value for signal "sevenSegment_ROM" because signal was never assigned a value File: C:/intelFPGA_lite/18.0/Yongru_Pan_VHDL6/ROM.vhd Line: 18
Info (12128): Elaborating entity "Yongru_Pan_sequence_detector" for hierarchy "Yongru_Pan_sequence_detector:stage2" File: C:/intelFPGA_lite/18.0/Yongru_Pan_VHDL6/Yongru_Pan_wrapper.vhd Line: 51
Info (12128): Elaborating entity "Chenyi_Xu_FSM" for hierarchy "Yongru_Pan_sequence_detector:stage2|Chenyi_Xu_FSM:stage0" File: C:/intelFPGA_lite/18.0/Yongru_Pan_VHDL6/Yongru_Pan_sequence_detector.vhd Line: 32
Info (12128): Elaborating entity "Yongru_Pan_counter" for hierarchy "Yongru_Pan_sequence_detector:stage2|Yongru_Pan_counter:stage1" File: C:/intelFPGA_lite/18.0/Yongru_Pan_VHDL6/Yongru_Pan_sequence_detector.vhd Line: 33
Info (12128): Elaborating entity "seven_segment_decoder" for hierarchy "seven_segment_decoder:stage3" File: C:/intelFPGA_lite/18.0/Yongru_Pan_VHDL6/Yongru_Pan_wrapper.vhd Line: 54
Info (286030): Timing-Driven Synthesis is running
Info (17049): 2 registers lost all their fanouts during netlist optimizations.
Info (16010): Generating hard_block partition "hard_block:auto_generated_inst"
    Info (16011): Adding 0 node(s), including 0 DDIO, 0 PLL, 0 transceiver and 0 LCELL
Info (21057): Implemented 67 device resources after synthesis - the final resource count might be different
    Info (21058): Implemented 2 input pins
    Info (21059): Implemented 14 output pins
    Info (21061): Implemented 51 logic cells
Info: Quartus Prime Analysis & Synthesis was successful. 0 errors, 1 warning
    Info: Peak virtual memory: 4870 megabytes
    Info: Processing ended: Fri Apr 08 15:39:57 2022
    Info: Elapsed time: 00:00:10
    Info: Total CPU time (on all processors): 00:00:21


